#-----------------------------------------------------------
# Vivado v2019.2 (64-bit)
# SW Build 2708876 on Wed Nov  6 21:40:23 MST 2019
# IP Build 2700528 on Thu Nov  7 00:09:20 MST 2019
# Start of session at: Mon Sep  7 13:40:05 2020
# Process ID: 20012
# Current directory: C:/Users/hubel/Desktop/Praktyki2/Licznik
# Command line: vivado.exe -gui_launcher_event rodinguilauncherevent18648 C:\Users\hubel\Desktop\Praktyki2\Licznik\Licznik.xpr
# Log file: C:/Users/hubel/Desktop/Praktyki2/Licznik/vivado.log
# Journal file: C:/Users/hubel/Desktop/Praktyki2/Licznik\vivado.jou
#-----------------------------------------------------------
start_guioopen_project C:/Users/hubel/Desktop/Praktyki2/Licznik/Licznik.xpr
INFO: [Project 1-313] Project file moved from 'C:/Users/hubel/Desktop/Praktyki/Licznik' since last save.
Scanning sources...
Finished scanning sources
INFO: [IP_Flow 19-234] Refreshing IP repositories
INFO: [IP_Flow 19-1704] No user IP repositories specified
INFO: [Common 17-41] Interrupt caught. Command should exit soon.
INFO: [IP_Flow 19-231open_project: Time (s): cpu = 00:00:25 ; elapsed = 00:00:28 . Memory (MB): peak = 752.242 ; gain = 144.730
update_compile_order -fileset sources_1
reset_run synth_1
launch_runs synth_1 -jobs 2
[Mon Sep  7 13:56:54 2020] Launched synth_1...
Run output will be captured here: C:/Users/hubel/Desktop/Praktyki2/Licznik/Licznik.runs/synth_1/runme.log
launch_runs impl_1 -jobs 2
[Mon Sep  7 13:57:50 2020] Launched impl_1...
Run output will be captured here: C:/Users/hubel/Desktop/Praktyki2/Licznik/Licznik.runs/impl_1/runme.log
open_run impl_1
INFO: [Device 21-403] Loading part xc7s100fgga676-2
Netlist sorting complete. Time (s): cpu = 00:00:00 ; elapsed = 00:00:00 . Memory (MB): peak = 1029.609 ; gain = 0.000
INFO: [Project 1-479] Netlist was created with Vivado 2019.2
INFO: [Project 1-570] Preparing netlist for logic optimization
Reading XDEF placement.
Reading placer database...
Reading XDEF routing.
Read XDEF File: Time (s): cpu = 00:00:00 ; elapsed = 00:00:00.045 . Memory (MB): peak = 1104.098 ; gain = 0.137
Restored from archive | CPU: 0.000000 secs | Memory: 0.000000 MB |
Finished XDEF File Restore: Time (s): cpu = 00:00:00 ; elapsed = 00:00:00.045 . Memory (MB): peak = 1104.098 ; gain = 0.137
Netlist sorting complete. Time (s): cpu = 00:00:00 ; elapsed = 00:00:00 . Memory (MB): peak = 1104.172 ; gain = 0.000
INFO: [Project 1-111] Unisim Transformation Summary:
No Unisim elements were transformed.

open_run: Time (s): cpu = 00:00:19 ; elapsed = 00:00:12 . Memory (MB): peak = 1224.676 ; gain = 441.465
WARNING: [Timing 38-313] There are no user specified timing constraints. Timing constraints are needed for proper timing analysis.
launch_simulation -mode post-implementation -type functional
Command: launch_simulation -mode post-implementation -type functional
INFO: [Vivado 12-5682] Launching post-implementation functional simulation in 'C:/Users/hubel/Desktop/Praktyki2/Licznik/Licznik.sim/sim_1/impl/func/xsim'
INFO: [SIM-utils-51] Simulation object is 'sim_1'
INFO: [SIM-utils-31] Writing simulation netlist file for design 'impl_1'...
INFO: [SIM-utils-32] write_verilog -mode funcsim -nolib -force -file "C:/Users/hubel/Desktop/Praktyki2/Licznik/Licznik.sim/sim_1/impl/func/xsim/licznik_tb_func_impl.v"
INFO: [SIM-utils-36] Netlist generated:C:/Users/hubel/Desktop/Praktyki2/Licznik/Licznik.sim/sim_1/impl/func/xsim/licznik_tb_func_impl.v
INFO: [SIM-utils-54] Inspecting design source files for 'licznik_tb' in fileset 'sim_1'...
INFO: [USF-XSim-2] XSim::Compile design
INFO: [USF-XSim-61] Executing 'COMPILE and ANALYZE' step in 'C:/Users/hubel/Desktop/Praktyki2/Licznik/Licznik.sim/sim_1/impl/func/xsim'
"xvlog --incr --relax -prj licznik_tb_vlog.prj"
INFO: [VRFC 10-2263] Analyzing Verilog file "C:/Users/hubel/Desktop/Praktyki2/Licznik/Licznik.sim/sim_1/impl/func/xsim/licznik_tb_func_impl.v" into library xil_defaultlib
INFO: [VRFC 10-311] analyzing module licznik
INFO: [VRFC 10-311] analyzing module glbl
INFO: [VRFC 10-2263] Analyzing SystemVerilog file "C:/Users/hubel/Desktop/Praktyki2/Licznik/Licznik.srcs/sim_1/new/licznik_tb.sv" into library xil_defaultlib
INFO: [VRFC 10-311] analyzing module licznik_tb
INFO: [VRFC 10-2458] undeclared symbol load, assumed default net type wire [C:/Users/hubel/Desktop/Praktyki2/Licznik/Licznik.srcs/sim_1/new/licznik_tb.sv:18]
INFO: [USF-XSim-69] 'compile' step finished in '2' seconds
INFO: [USF-XSim-3] XSim::Elaborate design
INFO: [USF-XSim-61] Executing 'ELABORATE' step in 'C:/Users/hubel/Desktop/Praktyki2/Licznik/Licznik.sim/sim_1/impl/func/xsim'
"xelab -wto 29041b80b4ed4ad98ad8d1c4deba99e0 --incr --debug typical --relax --mt 2 -L xil_defaultlib -L unisims_ver -L secureip --snapshot licznik_tb_func_impl xil_defaultlib.licznik_tb xil_defaultlib.glbl -log elaborate.log"
Vivado Simulator 2019.2
Copyright 1986-1999, 2001-2019 Xilinx, Inc. All Rights Reserved.
Running: C:/Xilinx/Vivado/2019.2/bin/unwrapped/win64.o/xelab.exe -wto 29041b80b4ed4ad98ad8d1c4deba99e0 --incr --debug typical --relax --mt 2 -L xil_defaultlib -L unisims_ver -L secureip --snapshot licznik_tb_func_impl xil_defaultlib.licznik_tb xil_defaultlib.glbl -log elaborate.log 
Using 2 slave threads.
Starting static elaboration
Pass Through NonSizing Optimizer
WARNING: [VRFC 10-3091] actual bit length 1 differs from formal bit length 3 for port 'loading' [C:/Users/hubel/Desktop/Praktyki2/Licznik/Licznik.srcs/sim_1/new/licznik_tb.sv:18]
Completed static elaboration
Starting simulation data flow analysis
Completed simulation data flow analysis
Time Resolution for simulation is 1ps
Compiling module unisims_ver.BUFG
Compiling module unisims_ver.IBUF
Compiling module unisims_ver.LUT6
Compiling module unisims_ver.LUT4
Compiling module unisims_ver.LUT5
Compiling module unisims_ver.OBUF
Compiling module unisims_ver.FDRE_default
Compiling module xil_defaultlib.licznik
Compiling module xil_defaultlib.licznik_tb
Compiling module xil_defaultlib.glbl
Built simulation snapshot licznik_tb_func_impl

****** Webtalk v2019.2 (64-bit)
  **** SW Build 2708876 on Wed Nov  6 21:40:23 MST 2019
  **** IP Build 2700528 on Thu Nov  7 00:09:20 MST 2019
    ** Copyright 1986-2019 Xilinx, Inc. All Rights Reserved.

source C:/Users/hubel/Desktop/Praktyki2/Licznik/Licznik.sim/sim_1/impl/func/xsim/xsim.dir/licznik_tb_func_impl/webtalk/xsim_webtalk.tcl -notrace
INFO: [Common 17-206] Exiting Webtalk at Mon Sep  7 14:00:34 2020...
run_program: Time (s): cpu = 00:00:01 ; elapsed = 00:00:06 . Memory (MB): peak = 1599.586 ; gain = 0.000
INFO: [USF-XSim-69] 'elaborate' step finished in '6' seconds
INFO: [USF-XSim-4] XSim::Simulate design
INFO: [USF-XSim-61] Executing 'SIMULATE' step in 'C:/Users/hubel/Desktop/Praktyki2/Licznik/Licznik.sim/sim_1/impl/func/xsim'
INFO: [USF-XSim-98] *** Running xsim
   with args "licznik_tb_func_impl -key {Post-Implementation:sim_1:Functional:licznik_tb} -tclbatch {licznik_tb.tcl} -log {simulate.log}"
INFO: [USF-XSim-8] Loading simulator feature
Vivado Simulator 2019.2
INFO: [Common 17-41] Interrupt caught. Command should exit soon.
